{
  "stats": {
    "suites": 1,
    "tests": 1,
    "passes": 1,
    "pending": 0,
    "failures": 0,
    "start": "2023-06-15T20:56:40.880Z",
    "end": "2023-06-15T20:56:45.776Z",
    "duration": 4896,
    "testsRegistered": 1,
    "passPercent": 100,
    "pendingPercent": 0,
    "other": 0,
    "hasOther": false,
    "skipped": 0,
    "hasSkipped": false
  },
  "results": [
    {
      "uuid": "b00229d6-fe98-4f6d-a9e0-5e669105abae",
      "title": "",
      "fullFile": "cypress/e2e/api.test.cy.ts",
      "file": "cypress/e2e/api.test.cy.ts",
      "beforeHooks": [],
      "afterHooks": [],
      "tests": [],
      "suites": [
        {
          "uuid": "709152d5-e3c1-4005-8909-48359faa1394",
          "title": "API testing in https://api.publicapis.org/entries",
          "fullFile": "",
          "file": "",
          "beforeHooks": [],
          "afterHooks": [],
          "tests": [
            {
              "title": "GET Entries and filter by the Category: Authentication & Authorization",
              "fullTitle": "API testing in https://api.publicapis.org/entries GET Entries and filter by the Category: Authentication & Authorization",
              "timedOut": null,
              "duration": 1819,
              "state": "passed",
              "speed": "fast",
              "pass": true,
              "fail": false,
              "pending": false,
              "context": "\"videos/api.test.cy.ts.mp4\"",
              "code": "var entriesAuthCategory = [];\ncy.api({ url: \"https://api.publicapis.org/entries\" }, \"GET Entries and filter by the Category: Authentication & Authorization\").then(function (responseEntries) {\n    expect(responseEntries.status).to.eq(200);\n    assert.isArray(responseEntries.body.entries, \"Todos Response is an array\");\n    responseEntries.body.entries.forEach(function (entry) {\n        if (entry.Category === \"Authentication & Authorization\") {\n            entriesAuthCategory.push(entry);\n        }\n    });\n    expect(entriesAuthCategory.length).to.be.equals(7);\n    cy.log(entriesAuthCategory.length);\n    entriesAuthCategory.forEach(function (entry) {\n        cy.log(JSON.stringify(entry));\n        cy.wrap(entry).should((0, cy_spok_1.default)({\n            API: cy_spok_1.default.string,\n            Description: cy_spok_1.default.string,\n            Auth: cy_spok_1.default.string,\n            HTTPS: cy_spok_1.default.type(\"boolean\"),\n            Cors: cy_spok_1.default.string,\n            Link: cy_spok_1.default.string,\n            Category: \"Authentication & Authorization\",\n        }));\n    });\n});",
              "err": {},
              "uuid": "060fbd2a-0340-45b0-8704-39d880bbe00a",
              "parentUUID": "709152d5-e3c1-4005-8909-48359faa1394",
              "isHook": false,
              "skipped": false
            }
          ],
          "suites": [],
          "passes": [
            "060fbd2a-0340-45b0-8704-39d880bbe00a"
          ],
          "failures": [],
          "pending": [],
          "skipped": [],
          "duration": 1819,
          "root": false,
          "rootEmpty": false,
          "_timeout": 2000
        }
      ],
      "passes": [],
      "failures": [],
      "pending": [],
      "skipped": [],
      "duration": 0,
      "root": true,
      "rootEmpty": true,
      "_timeout": 2000
    }
  ],
  "meta": {
    "mocha": {
      "version": "7.0.1"
    },
    "mochawesome": {
      "options": {
        "quiet": false,
        "reportFilename": "mochawesome",
        "saveHtml": false,
        "saveJson": true,
        "consoleReporter": "spec",
        "useInlineDiffs": false,
        "code": true
      },
      "version": "7.1.3"
    },
    "marge": {
      "options": {
        "id": "default",
        "overwrite": false,
        "html": false,
        "json": true,
        "reportDir": "cypress/reports/html/.jsons"
      },
      "version": "6.2.0"
    }
  }
}