{
  "stats": {
    "suites": 1,
    "tests": 1,
    "passes": 1,
    "pending": 0,
    "failures": 0,
    "start": "2023-06-15T20:48:38.286Z",
    "end": "2023-06-15T20:48:39.685Z",
    "duration": 1399,
    "testsRegistered": 1,
    "passPercent": 100,
    "pendingPercent": 0,
    "other": 0,
    "hasOther": false,
    "skipped": 0,
    "hasSkipped": false
  },
  "results": [
    {
      "uuid": "9b7bc730-7215-40be-8a6c-67de3dbeb57b",
      "title": "",
      "fullFile": "cypress/e2e/front.test.cy.ts",
      "file": "cypress/e2e/front.test.cy.ts",
      "beforeHooks": [],
      "afterHooks": [],
      "tests": [],
      "suites": [
        {
          "uuid": "10f3abe6-96ee-48f9-b201-be504176ba0a",
          "title": "API testing",
          "fullFile": "",
          "file": "",
          "beforeHooks": [],
          "afterHooks": [],
          "tests": [
            {
              "title": "GET Entries and filter by the Category: Authentication & Authorization",
              "fullTitle": "API testing GET Entries and filter by the Category: Authentication & Authorization",
              "timedOut": null,
              "duration": 1383,
              "state": "passed",
              "speed": "fast",
              "pass": true,
              "fail": false,
              "pending": false,
              "context": null,
              "code": "cy.visit(\"/\");\ncy.get('[data-test=\"username\"]').type(\"standard_user\");\ncy.get('[data-test=\"password\"]').type(\"secret_sauce\");\ncy.get('[data-test=\"login-button\"]').click();\ncy.get('[data-test=\"product_sort_container\"] option:selected').should(\"have.text\", \"Name (A to Z)\");\ncy.get('[data-test=\"product_sort_container\"]').select(\"Name (Z to A)\");\ncy.get('[data-test=\"product_sort_container\"] option:selected').should(\"have.text\", \"Name (Z to A)\");\ncy.get(\".inventory_item_name\")\n    .map(\"innerText\")\n    .then(function (productsNames) {\n    var sortProductsNames = __spreadArray([], __read(productsNames), false).sort().reverse();\n    cy.log(productsNames[0]);\n    cy.log(sortProductsNames[0]);\n    expect(productsNames).to.be.deep.equal(sortProductsNames);\n});",
              "err": {},
              "uuid": "2e5add0f-c8fa-4db1-9fd9-76e028964348",
              "parentUUID": "10f3abe6-96ee-48f9-b201-be504176ba0a",
              "isHook": false,
              "skipped": false
            }
          ],
          "suites": [],
          "passes": [
            "2e5add0f-c8fa-4db1-9fd9-76e028964348"
          ],
          "failures": [],
          "pending": [],
          "skipped": [],
          "duration": 1383,
          "root": false,
          "rootEmpty": false,
          "_timeout": 2000
        }
      ],
      "passes": [],
      "failures": [],
      "pending": [],
      "skipped": [],
      "duration": 0,
      "root": true,
      "rootEmpty": true,
      "_timeout": 2000
    }
  ],
  "meta": {
    "mocha": {
      "version": "7.0.1"
    },
    "mochawesome": {
      "options": {
        "quiet": false,
        "reportFilename": "mochawesome",
        "saveHtml": false,
        "saveJson": true,
        "consoleReporter": "spec",
        "useInlineDiffs": false,
        "code": true
      },
      "version": "7.1.3"
    },
    "marge": {
      "options": {
        "id": "default",
        "overwrite": false,
        "html": false,
        "json": true,
        "reportDir": "cypress/reports/html/.jsons"
      },
      "version": "6.2.0"
    }
  }
}